<?xml version="1.0" encoding="UTF-8"?>
<testsuite name="com.jojodu.book.springboot.web.PostsApiControllerTest" tests="2" skipped="0" failures="0" errors="0" timestamp="2020-11-29T10:46:53" hostname="DESKTOP-1S013L8" time="0.054">
  <properties/>
  <testcase name="Posts_update" classname="com.jojodu.book.springboot.web.PostsApiControllerTest" time="0.044"/>
  <testcase name="Posts_save" classname="com.jojodu.book.springboot.web.PostsApiControllerTest" time="0.009"/>
  <system-out><![CDATA[2020-11-29 19:46:53.036  INFO 11952 --- [    Test worker] .b.t.c.SpringBootTestContextBootstrapper : Neither @ContextConfiguration nor @ContextHierarchy found for test class [com.jojodu.book.springboot.web.PostsApiControllerTest], using SpringBootContextLoader
2020-11-29 19:46:53.036  INFO 11952 --- [    Test worker] o.s.t.c.support.AbstractContextLoader    : Could not detect default resource locations for test class [com.jojodu.book.springboot.web.PostsApiControllerTest]: no resource found for suffixes {-context.xml, Context.groovy}.
2020-11-29 19:46:53.036  INFO 11952 --- [    Test worker] t.c.s.AnnotationConfigContextLoaderUtils : Could not detect default configuration classes for test class [com.jojodu.book.springboot.web.PostsApiControllerTest]: PostsApiControllerTest does not declare any static, non-private, non-final, nested classes annotated with @Configuration.
2020-11-29 19:46:53.037  INFO 11952 --- [    Test worker] .b.t.c.SpringBootTestContextBootstrapper : Found @SpringBootConfiguration com.jojodu.book.springboot.Application for test class com.jojodu.book.springboot.web.PostsApiControllerTest
2020-11-29 19:46:53.037  INFO 11952 --- [    Test worker] .b.t.c.SpringBootTestContextBootstrapper : Loaded default TestExecutionListener class names from location [META-INF/spring.factories]: [org.springframework.security.test.context.support.WithSecurityContextTestExecutionListener, org.springframework.security.test.context.support.ReactorContextTestExecutionListener, org.springframework.boot.test.autoconfigure.restdocs.RestDocsTestExecutionListener, org.springframework.boot.test.autoconfigure.web.client.MockRestServiceServerResetTestExecutionListener, org.springframework.boot.test.autoconfigure.web.servlet.MockMvcPrintOnlyOnFailureTestExecutionListener, org.springframework.boot.test.autoconfigure.web.servlet.WebDriverTestExecutionListener, org.springframework.boot.test.mock.mockito.MockitoTestExecutionListener, org.springframework.boot.test.mock.mockito.ResetMocksTestExecutionListener, org.springframework.test.context.web.ServletTestExecutionListener, org.springframework.test.context.support.DirtiesContextBeforeModesTestExecutionListener, org.springframework.test.context.support.DependencyInjectionTestExecutionListener, org.springframework.test.context.support.DirtiesContextTestExecutionListener, org.springframework.test.context.transaction.TransactionalTestExecutionListener, org.springframework.test.context.jdbc.SqlScriptsTestExecutionListener]
2020-11-29 19:46:53.038  INFO 11952 --- [    Test worker] .b.t.c.SpringBootTestContextBootstrapper : Using TestExecutionListeners: [org.springframework.test.context.web.ServletTestExecutionListener@4eca1eba, org.springframework.test.context.support.DirtiesContextBeforeModesTestExecutionListener@9fa60e, org.springframework.boot.test.mock.mockito.MockitoTestExecutionListener@1a458163, org.springframework.boot.test.autoconfigure.SpringBootDependencyInjectionTestExecutionListener@23713747, org.springframework.test.context.support.DirtiesContextTestExecutionListener@3dd0d25d, org.springframework.test.context.transaction.TransactionalTestExecutionListener@4002ac3f, org.springframework.test.context.jdbc.SqlScriptsTestExecutionListener@767a73c5, org.springframework.security.test.context.support.WithSecurityContextTestExecutionListener@5c9bb942, org.springframework.security.test.context.support.ReactorContextTestExecutionListener@6762cab6, org.springframework.boot.test.autoconfigure.restdocs.RestDocsTestExecutionListener@3254e131, org.springframework.boot.test.autoconfigure.web.client.MockRestServiceServerResetTestExecutionListener@171548e5, org.springframework.boot.test.autoconfigure.web.servlet.MockMvcPrintOnlyOnFailureTestExecutionListener@16c5b2ec, org.springframework.boot.test.autoconfigure.web.servlet.WebDriverTestExecutionListener@6703edf8, org.springframework.boot.test.mock.mockito.ResetMocksTestExecutionListener@724bd540]
2020-11-29 19:46:53.041  INFO 11952 --- [    Test worker] o.a.c.c.C.[Tomcat].[localhost].[/]       : Initializing Spring TestDispatcherServlet ''
2020-11-29 19:46:53.042  INFO 11952 --- [    Test worker] o.s.t.web.servlet.TestDispatcherServlet  : Initializing Servlet ''
2020-11-29 19:46:53.043  INFO 11952 --- [    Test worker] o.s.t.web.servlet.TestDispatcherServlet  : Completed initialization in 1 ms
Hibernate: insert into posts (created_date, modified_date, author, content, title) values (?, ?, ?, ?, ?)
Hibernate: select posts0_.id as id1_0_0_, posts0_.created_date as created_2_0_0_, posts0_.modified_date as modified3_0_0_, posts0_.author as author4_0_0_, posts0_.content as content5_0_0_, posts0_.title as title6_0_0_ from posts posts0_ where posts0_.id=?
Hibernate: update posts set created_date=?, modified_date=?, author=?, content=?, title=? where id=?
Hibernate: select posts0_.id as id1_0_, posts0_.created_date as created_2_0_, posts0_.modified_date as modified3_0_, posts0_.author as author4_0_, posts0_.content as content5_0_, posts0_.title as title6_0_ from posts posts0_
Hibernate: select posts0_.id as id1_0_, posts0_.created_date as created_2_0_, posts0_.modified_date as modified3_0_, posts0_.author as author4_0_, posts0_.content as content5_0_, posts0_.title as title6_0_ from posts posts0_
Hibernate: delete from posts where id=?
2020-11-29 19:46:53.085  INFO 11952 --- [    Test worker] o.a.c.c.C.[Tomcat].[localhost].[/]       : Initializing Spring TestDispatcherServlet ''
2020-11-29 19:46:53.085  INFO 11952 --- [    Test worker] o.s.t.web.servlet.TestDispatcherServlet  : Initializing Servlet ''
2020-11-29 19:46:53.087  INFO 11952 --- [    Test worker] o.s.t.web.servlet.TestDispatcherServlet  : Completed initialization in 1 ms
Hibernate: insert into posts (created_date, modified_date, author, content, title) values (?, ?, ?, ?, ?)
Hibernate: select posts0_.id as id1_0_, posts0_.created_date as created_2_0_, posts0_.modified_date as modified3_0_, posts0_.author as author4_0_, posts0_.content as content5_0_, posts0_.title as title6_0_ from posts posts0_
Hibernate: select posts0_.id as id1_0_, posts0_.created_date as created_2_0_, posts0_.modified_date as modified3_0_, posts0_.author as author4_0_, posts0_.content as content5_0_, posts0_.title as title6_0_ from posts posts0_
Hibernate: delete from posts where id=?
]]></system-out>
  <system-err><![CDATA[]]></system-err>
</testsuite>
