<?xml version="1.0" encoding="UTF-8"?>
<testsuite name="com.jojodu.book.springboot.web.HelloControllerTest" tests="2" skipped="0" failures="0" errors="0" timestamp="2020-11-29T10:46:49" hostname="DESKTOP-1S013L8" time="0.319">
  <properties/>
  <testcase name="helloDto_return" classname="com.jojodu.book.springboot.web.HelloControllerTest" time="0.313"/>
  <testcase name="hello_return" classname="com.jojodu.book.springboot.web.HelloControllerTest" time="0.005"/>
  <system-out><![CDATA[19:46:47.408 [Test worker] DEBUG org.springframework.test.context.junit4.SpringJUnit4ClassRunner - SpringJUnit4ClassRunner constructor called with [class com.jojodu.book.springboot.web.HelloControllerTest]
19:46:47.414 [Test worker] DEBUG org.springframework.test.context.BootstrapUtils - Instantiating CacheAwareContextLoaderDelegate from class [org.springframework.test.context.cache.DefaultCacheAwareContextLoaderDelegate]
19:46:47.419 [Test worker] DEBUG org.springframework.test.context.BootstrapUtils - Instantiating BootstrapContext using constructor [public org.springframework.test.context.support.DefaultBootstrapContext(java.lang.Class,org.springframework.test.context.CacheAwareContextLoaderDelegate)]
19:46:47.430 [Test worker] DEBUG org.springframework.test.context.BootstrapUtils - Instantiating TestContextBootstrapper for test class [com.jojodu.book.springboot.web.HelloControllerTest] from class [org.springframework.boot.test.autoconfigure.web.servlet.WebMvcTestContextBootstrapper]
19:46:47.441 [Test worker] INFO org.springframework.boot.test.autoconfigure.web.servlet.WebMvcTestContextBootstrapper - Neither @ContextConfiguration nor @ContextHierarchy found for test class [com.jojodu.book.springboot.web.HelloControllerTest], using SpringBootContextLoader
19:46:47.443 [Test worker] DEBUG org.springframework.test.context.support.AbstractContextLoader - Did not detect default resource location for test class [com.jojodu.book.springboot.web.HelloControllerTest]: class path resource [com/jojodu/book/springboot/web/HelloControllerTest-context.xml] does not exist
19:46:47.443 [Test worker] DEBUG org.springframework.test.context.support.AbstractContextLoader - Did not detect default resource location for test class [com.jojodu.book.springboot.web.HelloControllerTest]: class path resource [com/jojodu/book/springboot/web/HelloControllerTestContext.groovy] does not exist
19:46:47.444 [Test worker] INFO org.springframework.test.context.support.AbstractContextLoader - Could not detect default resource locations for test class [com.jojodu.book.springboot.web.HelloControllerTest]: no resource found for suffixes {-context.xml, Context.groovy}.
19:46:47.444 [Test worker] INFO org.springframework.test.context.support.AnnotationConfigContextLoaderUtils - Could not detect default configuration classes for test class [com.jojodu.book.springboot.web.HelloControllerTest]: HelloControllerTest does not declare any static, non-private, non-final, nested classes annotated with @Configuration.
19:46:47.486 [Test worker] DEBUG org.springframework.test.context.support.ActiveProfilesUtils - Could not find an 'annotation declaring class' for annotation type [org.springframework.test.context.ActiveProfiles] and class [com.jojodu.book.springboot.web.HelloControllerTest]
19:46:47.533 [Test worker] DEBUG org.springframework.context.annotation.ClassPathScanningCandidateComponentProvider - Identified candidate component class: file [D:\project\spring_aws\free-springboot2-webservice\build\classes\java\main\com\jojodu\book\springboot\Application.class]
19:46:47.534 [Test worker] INFO org.springframework.boot.test.context.SpringBootTestContextBootstrapper - Found @SpringBootConfiguration com.jojodu.book.springboot.Application for test class com.jojodu.book.springboot.web.HelloControllerTest
19:46:47.535 [Test worker] DEBUG org.springframework.boot.test.autoconfigure.web.servlet.WebMvcTestContextBootstrapper - @TestExecutionListeners is not present for class [com.jojodu.book.springboot.web.HelloControllerTest]: using defaults.
19:46:47.536 [Test worker] INFO org.springframework.boot.test.autoconfigure.web.servlet.WebMvcTestContextBootstrapper - Loaded default TestExecutionListener class names from location [META-INF/spring.factories]: [org.springframework.security.test.context.support.WithSecurityContextTestExecutionListener, org.springframework.security.test.context.support.ReactorContextTestExecutionListener, org.springframework.boot.test.autoconfigure.restdocs.RestDocsTestExecutionListener, org.springframework.boot.test.autoconfigure.web.client.MockRestServiceServerResetTestExecutionListener, org.springframework.boot.test.autoconfigure.web.servlet.MockMvcPrintOnlyOnFailureTestExecutionListener, org.springframework.boot.test.autoconfigure.web.servlet.WebDriverTestExecutionListener, org.springframework.boot.test.mock.mockito.MockitoTestExecutionListener, org.springframework.boot.test.mock.mockito.ResetMocksTestExecutionListener, org.springframework.test.context.web.ServletTestExecutionListener, org.springframework.test.context.support.DirtiesContextBeforeModesTestExecutionListener, org.springframework.test.context.support.DependencyInjectionTestExecutionListener, org.springframework.test.context.support.DirtiesContextTestExecutionListener, org.springframework.test.context.transaction.TransactionalTestExecutionListener, org.springframework.test.context.jdbc.SqlScriptsTestExecutionListener]
19:46:47.547 [Test worker] INFO org.springframework.boot.test.autoconfigure.web.servlet.WebMvcTestContextBootstrapper - Using TestExecutionListeners: [org.springframework.test.context.web.ServletTestExecutionListener@4bdfd115, org.springframework.test.context.support.DirtiesContextBeforeModesTestExecutionListener@5d49e73b, org.springframework.boot.test.mock.mockito.MockitoTestExecutionListener@1ccd9bd5, org.springframework.boot.test.autoconfigure.SpringBootDependencyInjectionTestExecutionListener@25a66482, org.springframework.test.context.support.DirtiesContextTestExecutionListener@10c45e5a, org.springframework.test.context.transaction.TransactionalTestExecutionListener@2260346, org.springframework.test.context.jdbc.SqlScriptsTestExecutionListener@72c523e4, org.springframework.security.test.context.support.WithSecurityContextTestExecutionListener@64d1cb4a, org.springframework.security.test.context.support.ReactorContextTestExecutionListener@56557f04, org.springframework.boot.test.autoconfigure.restdocs.RestDocsTestExecutionListener@645b6abb, org.springframework.boot.test.autoconfigure.web.client.MockRestServiceServerResetTestExecutionListener@3f5aafd7, org.springframework.boot.test.autoconfigure.web.servlet.MockMvcPrintOnlyOnFailureTestExecutionListener@553bb8ed, org.springframework.boot.test.autoconfigure.web.servlet.WebDriverTestExecutionListener@28eb5011, org.springframework.boot.test.mock.mockito.ResetMocksTestExecutionListener@17daf905]
19:46:47.549 [Test worker] DEBUG org.springframework.test.annotation.ProfileValueUtils - Retrieved @ProfileValueSourceConfiguration [null] for test class [com.jojodu.book.springboot.web.HelloControllerTest]
19:46:47.549 [Test worker] DEBUG org.springframework.test.annotation.ProfileValueUtils - Retrieved ProfileValueSource type [class org.springframework.test.annotation.SystemProfileValueSource] for class [com.jojodu.book.springboot.web.HelloControllerTest]
19:46:47.550 [Test worker] DEBUG org.springframework.test.annotation.ProfileValueUtils - Retrieved @ProfileValueSourceConfiguration [null] for test class [com.jojodu.book.springboot.web.HelloControllerTest]
19:46:47.550 [Test worker] DEBUG org.springframework.test.annotation.ProfileValueUtils - Retrieved ProfileValueSource type [class org.springframework.test.annotation.SystemProfileValueSource] for class [com.jojodu.book.springboot.web.HelloControllerTest]
19:46:47.553 [Test worker] DEBUG org.springframework.test.context.support.AbstractDirtiesContextTestExecutionListener - Before test class: context [DefaultTestContext@d4c6cf6 testClass = HelloControllerTest, testInstance = [null], testMethod = [null], testException = [null], mergedContextConfiguration = [WebMergedContextConfiguration@7118df9e testClass = HelloControllerTest, locations = '{}', classes = '{class com.jojodu.book.springboot.Application}', contextInitializerClasses = '[]', activeProfiles = '{}', propertySourceLocations = '{}', propertySourceProperties = '{org.springframework.boot.test.autoconfigure.web.servlet.WebMvcTestContextBootstrapper=true}', contextCustomizers = set[org.springframework.boot.test.autoconfigure.OverrideAutoConfigurationContextCustomizerFactory$DisableAutoConfigurationContextCustomizer@4464e32a, org.springframework.boot.test.autoconfigure.filter.TypeExcludeFiltersContextCustomizer@b4158492, org.springframework.boot.test.autoconfigure.properties.PropertyMappingContextCustomizer@b1675b27, org.springframework.boot.test.autoconfigure.web.servlet.WebDriverContextCustomizerFactory$Customizer@407c77c7, [ImportsContextCustomizer@f4ee8aa key = [org.springframework.boot.autoconfigure.cache.CacheAutoConfiguration, org.springframework.boot.autoconfigure.context.MessageSourceAutoConfiguration, org.springframework.boot.autoconfigure.data.web.SpringDataWebAutoConfiguration, org.springframework.boot.autoconfigure.freemarker.FreeMarkerAutoConfiguration, org.springframework.boot.autoconfigure.groovy.template.GroovyTemplateAutoConfiguration, org.springframework.boot.autoconfigure.gson.GsonAutoConfiguration, org.springframework.boot.autoconfigure.hateoas.HypermediaAutoConfiguration, org.springframework.boot.autoconfigure.http.HttpMessageConvertersAutoConfiguration, org.springframework.boot.autoconfigure.jackson.JacksonAutoConfiguration, org.springframework.boot.autoconfigure.jsonb.JsonbAutoConfiguration, org.springframework.boot.autoconfigure.mustache.MustacheAutoConfiguration, org.springframework.boot.autoconfigure.task.TaskExecutionAutoConfiguration, org.springframework.boot.autoconfigure.thymeleaf.ThymeleafAutoConfiguration, org.springframework.boot.autoconfigure.validation.ValidationAutoConfiguration, org.springframework.boot.autoconfigure.web.servlet.error.ErrorMvcAutoConfiguration, org.springframework.boot.autoconfigure.web.servlet.WebMvcAutoConfiguration, org.springframework.boot.test.autoconfigure.web.servlet.MockMvcAutoConfiguration, org.springframework.boot.test.autoconfigure.web.servlet.MockMvcSecurityAutoConfiguration, org.springframework.boot.test.autoconfigure.web.servlet.MockMvcWebClientAutoConfiguration, org.springframework.boot.test.autoconfigure.web.servlet.MockMvcWebDriverAutoConfiguration]], org.springframework.boot.test.context.filter.ExcludeFilterContextCustomizer@70d9048, org.springframework.boot.test.json.DuplicateJsonObjectContextCustomizerFactory$DuplicateJsonObjectContextCustomizer@536f772d, org.springframework.boot.test.mock.mockito.MockitoContextCustomizer@0], resourceBasePath = 'src/main/webapp', contextLoader = 'org.springframework.boot.test.context.SpringBootContextLoader', parent = [null]], attributes = map[[empty]]], class annotated with @DirtiesContext [false] with mode [null].
19:46:47.554 [Test worker] DEBUG org.springframework.test.annotation.ProfileValueUtils - Retrieved @ProfileValueSourceConfiguration [null] for test class [com.jojodu.book.springboot.web.HelloControllerTest]
19:46:47.554 [Test worker] DEBUG org.springframework.test.annotation.ProfileValueUtils - Retrieved ProfileValueSource type [class org.springframework.test.annotation.SystemProfileValueSource] for class [com.jojodu.book.springboot.web.HelloControllerTest]
19:46:47.557 [Test worker] DEBUG org.springframework.test.context.support.DependencyInjectionTestExecutionListener - Performing dependency injection for test context [[DefaultTestContext@d4c6cf6 testClass = HelloControllerTest, testInstance = com.jojodu.book.springboot.web.HelloControllerTest@e4d2e41, testMethod = [null], testException = [null], mergedContextConfiguration = [WebMergedContextConfiguration@7118df9e testClass = HelloControllerTest, locations = '{}', classes = '{class com.jojodu.book.springboot.Application}', contextInitializerClasses = '[]', activeProfiles = '{}', propertySourceLocations = '{}', propertySourceProperties = '{org.springframework.boot.test.autoconfigure.web.servlet.WebMvcTestContextBootstrapper=true}', contextCustomizers = set[org.springframework.boot.test.autoconfigure.OverrideAutoConfigurationContextCustomizerFactory$DisableAutoConfigurationContextCustomizer@4464e32a, org.springframework.boot.test.autoconfigure.filter.TypeExcludeFiltersContextCustomizer@b4158492, org.springframework.boot.test.autoconfigure.properties.PropertyMappingContextCustomizer@b1675b27, org.springframework.boot.test.autoconfigure.web.servlet.WebDriverContextCustomizerFactory$Customizer@407c77c7, [ImportsContextCustomizer@f4ee8aa key = [org.springframework.boot.autoconfigure.cache.CacheAutoConfiguration, org.springframework.boot.autoconfigure.context.MessageSourceAutoConfiguration, org.springframework.boot.autoconfigure.data.web.SpringDataWebAutoConfiguration, org.springframework.boot.autoconfigure.freemarker.FreeMarkerAutoConfiguration, org.springframework.boot.autoconfigure.groovy.template.GroovyTemplateAutoConfiguration, org.springframework.boot.autoconfigure.gson.GsonAutoConfiguration, org.springframework.boot.autoconfigure.hateoas.HypermediaAutoConfiguration, org.springframework.boot.autoconfigure.http.HttpMessageConvertersAutoConfiguration, org.springframework.boot.autoconfigure.jackson.JacksonAutoConfiguration, org.springframework.boot.autoconfigure.jsonb.JsonbAutoConfiguration, org.springframework.boot.autoconfigure.mustache.MustacheAutoConfiguration, org.springframework.boot.autoconfigure.task.TaskExecutionAutoConfiguration, org.springframework.boot.autoconfigure.thymeleaf.ThymeleafAutoConfiguration, org.springframework.boot.autoconfigure.validation.ValidationAutoConfiguration, org.springframework.boot.autoconfigure.web.servlet.error.ErrorMvcAutoConfiguration, org.springframework.boot.autoconfigure.web.servlet.WebMvcAutoConfiguration, org.springframework.boot.test.autoconfigure.web.servlet.MockMvcAutoConfiguration, org.springframework.boot.test.autoconfigure.web.servlet.MockMvcSecurityAutoConfiguration, org.springframework.boot.test.autoconfigure.web.servlet.MockMvcWebClientAutoConfiguration, org.springframework.boot.test.autoconfigure.web.servlet.MockMvcWebDriverAutoConfiguration]], org.springframework.boot.test.context.filter.ExcludeFilterContextCustomizer@70d9048, org.springframework.boot.test.json.DuplicateJsonObjectContextCustomizerFactory$DuplicateJsonObjectContextCustomizer@536f772d, org.springframework.boot.test.mock.mockito.MockitoContextCustomizer@0], resourceBasePath = 'src/main/webapp', contextLoader = 'org.springframework.boot.test.context.SpringBootContextLoader', parent = [null]], attributes = map[[empty]]]].
19:46:47.624 [Test worker] DEBUG org.springframework.test.context.support.TestPropertySourceUtils - Adding inlined properties to environment: {spring.jmx.enabled=false, org.springframework.boot.test.autoconfigure.web.servlet.WebMvcTestContextBootstrapper=true, server.port=-1}

  .   ____          _            __ _ _
 /\\ / ___'_ __ _ _(_)_ __  __ _ \ \ \ \
( ( )\___ | '_ | '_| | '_ \/ _` | \ \ \ \
 \\/  ___)| |_)| | | | | || (_| |  ) ) ) )
  '  |____| .__|_| |_|_| |_\__, | / / / /
 =========|_|==============|___/=/_/_/_/
 :: Spring Boot ::        (v2.1.7.RELEASE)

2020-11-29 19:46:47.800  INFO 11952 --- [    Test worker] c.j.b.s.web.HelloControllerTest          : Starting HelloControllerTest on DESKTOP-1S013L8 with PID 11952 (started by lbs12 in D:\project\spring_aws\free-springboot2-webservice)
2020-11-29 19:46:47.801  INFO 11952 --- [    Test worker] c.j.b.s.web.HelloControllerTest          : No active profile set, falling back to default profiles: default
2020-11-29 19:46:48.594  INFO 11952 --- [    Test worker] o.s.s.concurrent.ThreadPoolTaskExecutor  : Initializing ExecutorService 'applicationTaskExecutor'
2020-11-29 19:46:48.651  INFO 11952 --- [    Test worker] o.s.b.a.w.s.WelcomePageHandlerMapping    : Adding welcome page template: index
2020-11-29 19:46:48.841  INFO 11952 --- [    Test worker] .s.s.UserDetailsServiceAutoConfiguration : 

Using generated security password: 893b96ef-4f26-4e09-9ef0-6018c7357872

2020-11-29 19:46:48.964  INFO 11952 --- [    Test worker] o.s.s.web.DefaultSecurityFilterChain     : Creating filter chain: any request, [org.springframework.security.web.context.request.async.WebAsyncManagerIntegrationFilter@e84551d, org.springframework.security.web.context.SecurityContextPersistenceFilter@383261, org.springframework.security.web.header.HeaderWriterFilter@4587310b, org.springframework.security.web.csrf.CsrfFilter@700e0f0b, org.springframework.security.web.authentication.logout.LogoutFilter@286d4028, org.springframework.security.web.authentication.UsernamePasswordAuthenticationFilter@59b7285f, org.springframework.security.web.authentication.ui.DefaultLoginPageGeneratingFilter@187e27a9, org.springframework.security.web.authentication.ui.DefaultLogoutPageGeneratingFilter@2d3c32b2, org.springframework.security.web.authentication.www.BasicAuthenticationFilter@45e05bb4, org.springframework.security.web.savedrequest.RequestCacheAwareFilter@18dee031, org.springframework.security.web.servletapi.SecurityContextHolderAwareRequestFilter@2d9bc717, org.springframework.security.web.authentication.AnonymousAuthenticationFilter@1f6578e2, org.springframework.security.web.session.SessionManagementFilter@27ca8e13, org.springframework.security.web.access.ExceptionTranslationFilter@1d0fa1bf, org.springframework.security.web.access.intercept.FilterSecurityInterceptor@3d611218]
2020-11-29 19:46:48.991  INFO 11952 --- [    Test worker] o.s.b.t.m.w.SpringBootMockServletContext : Initializing Spring TestDispatcherServlet ''
2020-11-29 19:46:48.991  INFO 11952 --- [    Test worker] o.s.t.web.servlet.TestDispatcherServlet  : Initializing Servlet ''
2020-11-29 19:46:48.998  INFO 11952 --- [    Test worker] o.s.t.web.servlet.TestDispatcherServlet  : Completed initialization in 6 ms
2020-11-29 19:46:49.025  INFO 11952 --- [    Test worker] c.j.b.s.web.HelloControllerTest          : Started HelloControllerTest in 1.395 seconds (JVM running for 2.103)
]]></system-out>
  <system-err><![CDATA[]]></system-err>
</testsuite>
